<?xml version="1.0" encoding="UTF-8"?>
<!-- Generated by org.testng.reporters.JUnitReportReporter -->
<testsuite skipped="0" hostname="ppandey.mobileiron.dev" name="com.testvagrant.pkp.tests.ClearTripTests" tests="3" failures="1" timestamp="18 Apr 2018 20:23:52 GMT" time="45.016" errors="0">
  <testcase name="shouldThrowAnErrorIfSignInDetailsAreMissing" time="18.683" classname="com.testvagrant.pkp.tests.ClearTripTests">
    <failure type="java.lang.AssertionError" message="Errors not displayed for missing signin details expected [true] but found [false]">
      <![CDATA[java.lang.AssertionError: Errors not displayed for missing signin details expected [true] but found [false]
	at org.testng.Assert.fail(Assert.java:93)
	at org.testng.Assert.failNotEquals(Assert.java:512)
	at org.testng.Assert.assertTrue(Assert.java:41)
	at com.testvagrant.pkp.tests.ClearTripTests.shouldThrowAnErrorIfSignInDetailsAreMissing(ClearTripTests.java:39)
	at sun.reflect.NativeMethodAccessorImpl.invoke0(Native Method)
	at sun.reflect.NativeMethodAccessorImpl.invoke(NativeMethodAccessorImpl.java:62)
	at sun.reflect.DelegatingMethodAccessorImpl.invoke(DelegatingMethodAccessorImpl.java:43)
	at java.lang.reflect.Method.invoke(Method.java:498)
	at org.testng.internal.MethodInvocationHelper.invokeMethod(MethodInvocationHelper.java:108)
	at org.testng.internal.Invoker.invokeMethod(Invoker.java:661)
	at org.testng.internal.Invoker.invokeTestMethod(Invoker.java:869)
	at org.testng.internal.Invoker.invokeTestMethods(Invoker.java:1193)
	at org.testng.internal.TestMethodWorker.invokeTestMethods(TestMethodWorker.java:126)
	at org.testng.internal.TestMethodWorker.run(TestMethodWorker.java:109)
	at org.testng.TestRunner.privateRun(TestRunner.java:744)
	at org.testng.TestRunner.run(TestRunner.java:602)
	at org.testng.SuiteRunner.runTest(SuiteRunner.java:380)
	at org.testng.SuiteRunner.runSequentially(SuiteRunner.java:375)
	at org.testng.SuiteRunner.privateRun(SuiteRunner.java:340)
	at org.testng.SuiteRunner.run(SuiteRunner.java:289)
	at org.testng.SuiteRunnerWorker.runSuite(SuiteRunnerWorker.java:52)
	at org.testng.SuiteRunnerWorker.run(SuiteRunnerWorker.java:86)
	at org.testng.TestNG.runSuitesSequentially(TestNG.java:1301)
	at org.testng.TestNG.runSuitesLocally(TestNG.java:1226)
	at org.testng.TestNG.runSuites(TestNG.java:1144)
	at org.testng.TestNG.run(TestNG.java:1115)
	at org.testng.remote.AbstractRemoteTestNG.run(AbstractRemoteTestNG.java:126)
	at org.testng.remote.RemoteTestNG.initAndRun(RemoteTestNG.java:152)
	at org.testng.remote.RemoteTestNG.main(RemoteTestNG.java:57)
]]>
    </failure>
  </testcase> <!-- shouldThrowAnErrorIfSignInDetailsAreMissing -->
  <testcase name="shouldBeAbleToSearchForHotels" time="22.117" classname="com.testvagrant.pkp.tests.ClearTripTests"/>
  <testcase name="testThatResultsAppearForAOneWayJourney" time="4.216" classname="com.testvagrant.pkp.tests.ClearTripTests"/>
</testsuite> <!-- com.testvagrant.pkp.tests.ClearTripTests -->
